Build started 10/9/2017 11:33:05 AM.
     1>Project "C:\Users\zmp\Documents\Visual Studio 2012\Projects\WinDivert\WinDivert\WinDivert.vcxproj" on node 2 (Build target(s)).
     1>ClCompile:
         D:\Program Files (x86)\Microsoft Visual Studio 11.0\VC\bin\CL.exe /c /Zi /nologo /W3 /WX- /O2 /Oi /Oy- /GL /D WIN32 /D NDEBUG /D _CONSOLE /D _UNICODE /D UNICODE /Gm- /EHsc /MD /GS /Gy /fp:precise /Zc:wchar_t /Zc:forScope /Fo"Release\\" /Fd"Release\vc110.pdb" /Gd /TP /analyze- /errorReport:prompt main.cpp
         main.cpp
     1>main.cpp(71): warning C4200: nonstandard extension used : zero-sized array in struct/union
                 Cannot generate copy-ctor or copy-assignment operator when UDT contains a zero-sized array
     1>main.cpp(147): warning C4996: 'fopen': This function or variable may be unsafe. Consider using fopen_s instead. To disable deprecation, use _CRT_SECURE_NO_WARNINGS. See online help for details.
                 D:\Program Files (x86)\Microsoft Visual Studio 11.0\VC\include\stdio.h(218) : see declaration of 'fopen'
     1>main.cpp(198): warning C4996: 'sprintf': This function or variable may be unsafe. Consider using sprintf_s instead. To disable deprecation, use _CRT_SECURE_NO_WARNINGS. See online help for details.
                 D:\Program Files (x86)\Microsoft Visual Studio 11.0\VC\include\stdio.h(357) : see declaration of 'sprintf'
     1>main.cpp(365): warning C4996: '_swprintf': This function or variable may be unsafe. Consider using _swprintf_s instead. To disable deprecation, use _CRT_SECURE_NO_WARNINGS. See online help for details.
                 D:\Program Files (x86)\Microsoft Visual Studio 11.0\VC\include\stdio.h(530) : see declaration of '_swprintf'
     1>main.cpp(312): warning C4101: 'blockpage_len' : unreferenced local variable
     1>main.cpp(315): warning C4101: 'i' : unreferenced local variable
     1>main.cpp(314): warning C4101: 'index' : unreferenced local variable
     1>main.cpp(313): warning C4101: 'blacklist' : unreferenced local variable
     1>main.cpp(311): warning C4101: 'blockpage' : unreferenced local variable
     1>main.cpp(551): warning C4996: 'fopen': This function or variable may be unsafe. Consider using fopen_s instead. To disable deprecation, use _CRT_SECURE_NO_WARNINGS. See online help for details.
                 D:\Program Files (x86)\Microsoft Visual Studio 11.0\VC\include\stdio.h(218) : see declaration of 'fopen'
     1>main.cpp(619): warning C4996: 'strcpy': This function or variable may be unsafe. Consider using strcpy_s instead. To disable deprecation, use _CRT_SECURE_NO_WARNINGS. See online help for details.
                 D:\Program Files (x86)\Microsoft Visual Studio 11.0\VC\include\string.h(110) : see declaration of 'strcpy'
       Link:
         D:\Program Files (x86)\Microsoft Visual Studio 11.0\VC\bin\link.exe /ERRORREPORT:PROMPT /OUT:"C:\Users\zmp\Documents\Visual Studio 2012\Projects\WinDivert\Release\test001.exe" /INCREMENTAL:NO /NOLOGO ws2_32.lib windivert.lib kernel32.lib user32.lib gdi32.lib winspool.lib comdlg32.lib advapi32.lib shell32.lib ole32.lib oleaut32.lib uuid.lib odbc32.lib odbccp32.lib kernel32.lib user32.lib gdi32.lib winspool.lib comdlg32.lib advapi32.lib shell32.lib ole32.lib oleaut32.lib uuid.lib odbc32.lib odbccp32.lib /MANIFEST /MANIFESTUAC:"level='asInvoker' uiAccess='false'" /manifest:embed /DEBUG /PDB:"C:\Users\zmp\Documents\Visual Studio 2012\Projects\WinDivert\Release\test001.pdb" /SUBSYSTEM:CONSOLE /OPT:REF /OPT:ICF /LTCG /TLBID:1 /DYNAMICBASE /NXCOMPAT /IMPLIB:"C:\Users\zmp\Documents\Visual Studio 2012\Projects\WinDivert\Release\test001.lib" /MACHINE:X86 /SAFESEH Release\main.obj
         Generating code
         Finished generating code
         WinDivert.vcxproj -> C:\Users\zmp\Documents\Visual Studio 2012\Projects\WinDivert\Release\test001.exe
     1>Done Building Project "C:\Users\zmp\Documents\Visual Studio 2012\Projects\WinDivert\WinDivert\WinDivert.vcxproj" (Build target(s)).

Build succeeded.

Time Elapsed 00:00:01.12
